
=== Thu Sep  2 22:59:10 2021

Packages were changed.
Update Mode: mergeDefaultDependencies

The following packages were added:
  com.unity.collab-proxy@1.5.7
  com.unity.ide.rider@3.0.7
  com.unity.ide.visualstudio@2.0.9
  com.unity.ide.vscode@1.2.3
  com.unity.modules.ai@1.0.0
  com.unity.modules.androidjni@1.0.0
  com.unity.modules.animation@1.0.0
  com.unity.modules.assetbundle@1.0.0
  com.unity.modules.audio@1.0.0
  com.unity.modules.cloth@1.0.0
  com.unity.modules.director@1.0.0
  com.unity.modules.imageconversion@1.0.0
  com.unity.modules.imgui@1.0.0
  com.unity.modules.jsonserialize@1.0.0
  com.unity.modules.particlesystem@1.0.0
  com.unity.modules.physics@1.0.0
  com.unity.modules.physics2d@1.0.0
  com.unity.modules.screencapture@1.0.0
  com.unity.modules.terrain@1.0.0
  com.unity.modules.terrainphysics@1.0.0
  com.unity.modules.tilemap@1.0.0
  com.unity.modules.ui@1.0.0
  com.unity.modules.uielements@1.0.0
  com.unity.modules.umbra@1.0.0
  com.unity.modules.unityanalytics@1.0.0
  com.unity.modules.unitywebrequest@1.0.0
  com.unity.modules.unitywebrequestassetbundle@1.0.0
  com.unity.modules.unitywebrequestaudio@1.0.0
  com.unity.modules.unitywebrequesttexture@1.0.0
  com.unity.modules.unitywebrequestwww@1.0.0
  com.unity.modules.vehicles@1.0.0
  com.unity.modules.video@1.0.0
  com.unity.modules.vr@1.0.0
  com.unity.modules.wind@1.0.0
  com.unity.modules.xr@1.0.0
  com.unity.test-framework@1.1.27
  com.unity.textmeshpro@3.0.6
  com.unity.timeline@1.5.5
  com.unity.ugui@1.0.0
  com.unity.visualscripting@1.6.1
The following packages were updated:
  com.unity.2d.animation from version 6.0.1 to 6.0.4
  com.unity.2d.psdimporter from version 5.0.1 to 5.0.4
  com.unity.2d.spriteshape from version 6.0.0 to 6.0.1

=== Fri Mar  4 00:54:53 2022

Packages were changed.
Update Mode: updateDependencies

The following packages were updated:
  com.unity.2d.animation from version 6.0.4 to 7.0.2
  com.unity.2d.psdimporter from version 5.0.6 to 6.0.1
  com.unity.2d.spriteshape from version 6.0.2 to 7.0.3
  com.unity.2d.tilemap.extras from version 2.0.0 to 2.2.1
  com.unity.collab-proxy from version 1.5.7 to 1.15.4
  com.unity.inputsystem from version 1.0.2 to 1.2.0
  com.unity.timeline from version 1.5.7 to 1.6.3
  com.unity.visualscripting from version 1.6.1 to 1.7.6
The following packages were removed:
  com.unity.ui@1.0.0-preview.18
  com.unity.ui.builder@1.0.0-preview.18

=== Fri Mar  4 18:14:05 2022

Packages were changed.
Update Mode: updateDependencies

The following packages were updated:
  com.unity.2d.animation from version 7.0.2 to 7.0.3
  com.unity.2d.psdimporter from version 6.0.1 to 6.0.2
  com.unity.collab-proxy from version 1.15.4 to 1.15.12
  com.unity.inputsystem from version 1.2.0 to 1.3.0
  com.unity.timeline from version 1.6.3 to 1.6.4

=== Tue Apr 19 22:18:37 2022

Packages were changed.
Update Mode: updateDependencies

The following packages were updated:
  com.unity.2d.animation from version 7.0.3 to 7.0.4
  com.unity.2d.psdimporter from version 6.0.2 to 6.0.3
  com.unity.2d.spriteshape from version 7.0.3 to 7.0.4
  com.unity.collab-proxy from version 1.15.12 to 1.15.15
  com.unity.ide.rider from version 3.0.12 to 3.0.13

=== Wed Jul 20 13:52:49 2022

Packages were changed.
Update Mode: updateDependencies

The following packages were updated:
  com.unity.2d.animation from version 7.0.4 to 7.0.6
  com.unity.2d.psdimporter from version 6.0.3 to 6.0.4
  com.unity.2d.tilemap.extras from version 2.2.1 to 2.2.3
  com.unity.collab-proxy from version 1.15.15 to 1.15.18
  com.unity.ide.rider from version 3.0.13 to 3.0.14
  com.unity.ide.visualstudio from version 2.0.14 to 2.0.15
  com.unity.visualscripting from version 1.7.6 to 1.7.8

=== Sun Aug 14 10:04:02 2022

Packages were changed.
Update Mode: updateDependencies

The following packages were updated:
  com.unity.2d.animation from version 7.0.6 to 8.0.2
  com.unity.2d.psdimporter from version 6.0.4 to 7.0.1
  com.unity.2d.spriteshape from version 7.0.5 to 8.0.0
  com.unity.2d.tilemap.extras from version 2.2.3 to 3.0.2
  com.unity.collab-proxy from version 1.15.18 to 1.17.1
  com.unity.inputsystem from version 1.3.0 to 1.4.1
  com.unity.timeline from version 1.6.4 to 1.7.1

=== Sun Feb  5 15:34:25 2023

Packages were changed.
Update Mode: updateDependencies

The following packages were updated:
  com.unity.2d.animation from version 8.0.2 to 8.0.3
  com.unity.2d.psdimporter from version 7.0.1 to 7.0.2
  com.unity.2d.spriteshape from version 8.0.0 to 8.0.1
  com.unity.collab-proxy from version 1.17.1 to 1.17.2
  com.unity.inputsystem from version 1.4.1 to 1.4.3

=== Sat Mar 11 18:32:13 2023

Packages were changed.
Update Mode: updateDependencies

The following packages were updated:
  com.unity.2d.animation from version 8.0.5 to 9.0.1
  com.unity.2d.pixel-perfect from version 5.0.1 to 5.0.3
  com.unity.2d.psdimporter from version 7.0.2 to 8.0.2
  com.unity.2d.spriteshape from version 8.0.1 to 9.0.1
  com.unity.2d.tilemap.extras from version 3.0.2 to 3.0.3
  com.unity.ai.navigation from version 1.0.0-exp.4 to 1.1.1
  com.unity.collab-proxy from version 1.17.2 to 2.0.0
  com.unity.ide.visualstudio from version 2.0.16 to 2.0.17
  com.unity.inputsystem from version 1.4.3 to 1.5.0
  com.unity.timeline from version 1.7.1 to 1.7.3
  com.unity.visualscripting from version 1.7.8 to 1.8.0

=== Sun Apr 16 20:16:45 2023

Packages were changed.
Update Mode: updateDependencies

The following packages were updated:
  com.unity.2d.animation from version 9.0.1 to 9.0.2
  com.unity.2d.spriteshape from version 9.0.1 to 9.0.2
  com.unity.2d.tilemap.extras from version 3.0.3 to 3.1.0
  com.unity.inputsystem from version 1.5.0 to 1.5.1
  com.unity.timeline from version 1.7.3 to 1.7.4

=== Fri Aug 18 16:26:25 2023

Packages were changed.
Update Mode: updateDependencies

The following packages were updated:
  com.unity.2d.animation from version 9.0.2 to 10.0.2
  com.unity.2d.psdimporter from version 8.0.2 to 9.0.0
  com.unity.2d.spriteshape from version 9.0.2 to 10.0.1
  com.unity.2d.tilemap.extras from version 3.1.0 to 4.0.1
  com.unity.collab-proxy from version 2.0.1 to 2.0.7
  com.unity.ide.visualstudio from version 2.0.17 to 2.0.18
  com.unity.inputsystem from version 1.5.1 to 1.6.3
  com.unity.test-framework from version 1.1.33 to 1.3.7
  com.unity.timeline from version 1.7.4 to 1.8.2

=== Wed Sep 13 12:29:36 2023

Packages were changed.
Update Mode: updateDependencies

The following packages were updated:
  com.unity.inputsystem from version 1.6.3 to 1.7.0

=== Fri Oct  6 22:07:10 2023

Packages were changed.
Update Mode: updateDependencies

The following packages were updated:
  com.unity.collab-proxy from version 2.0.7 to 2.1.0
